<?xml version="1.0" encoding="UTF-8"?>
<!-- Generated by org.testng.reporters.JUnitReportReporter -->
<testsuite hostname="LAPTOP-P3JMIFJQ" failures="0" tests="37" name="com.ebfs.qa.testcases.google" time="331.487" errors="0" timestamp="23 Jan 2021 05:58:40 GMT" skipped="0">
  <testcase classname="com.ebfs.qa.testcases.google" name="SearchProduct" time="8.619"/>
  <testcase classname="com.ebfs.qa.testcases.google" name="userClickOnlySearch" time="8.717"/>
  <testcase classname="com.ebfs.qa.testcases.google" name="Search" time="8.747"/>
  <testcase classname="com.ebfs.qa.testcases.google" name="characterSearch" time="8.756"/>
  <testcase classname="com.ebfs.qa.testcases.google" name="Search" time="8.635"/>
  <testcase classname="com.ebfs.qa.testcases.google" name="userIntSearch" time="9.294"/>
  <testcase classname="com.ebfs.qa.testcases.google" name="Search" time="8.814"/>
  <testcase classname="com.ebfs.qa.testcases.google" name="Search" time="9.339"/>
  <testcase classname="com.ebfs.qa.testcases.google" name="characterSearch" time="8.907"/>
  <testcase classname="com.ebfs.qa.testcases.google" name="SearchProduct" time="8.704"/>
  <testcase classname="com.ebfs.qa.testcases.google" name="SearchProduct" time="9.031"/>
  <testcase classname="com.ebfs.qa.testcases.google" name="Search" time="8.689"/>
  <testcase classname="com.ebfs.qa.testcases.google" name="characterSearch" time="8.622"/>
  <testcase classname="com.ebfs.qa.testcases.google" name="characterSearch" time="8.629"/>
  <testcase classname="com.ebfs.qa.testcases.google" name="characterSearch" time="9.441"/>
  <testcase classname="com.ebfs.qa.testcases.google" name="Search" time="9.372"/>
  <testcase classname="com.ebfs.qa.testcases.google" name="Search" time="8.928"/>
  <testcase classname="com.ebfs.qa.testcases.google" name="SearchProduct" time="8.862"/>
  <testcase classname="com.ebfs.qa.testcases.google" name="characterSearch" time="8.584"/>
  <testcase classname="com.ebfs.qa.testcases.google" name="Search" time="8.552"/>
  <testcase classname="com.ebfs.qa.testcases.google" name="characterSearch" time="8.719"/>
  <testcase classname="com.ebfs.qa.testcases.google" name="userIntSearch" time="8.650"/>
  <testcase classname="com.ebfs.qa.testcases.google" name="SearchProduct" time="9.278"/>
  <testcase classname="com.ebfs.qa.testcases.google" name="characterSearch" time="8.830"/>
  <testcase classname="com.ebfs.qa.testcases.google" name="characterSearch" time="8.686"/>
  <testcase classname="com.ebfs.qa.testcases.google" name="characterSearch" time="9.027"/>
  <testcase classname="com.ebfs.qa.testcases.google" name="Search" time="9.294"/>
  <testcase classname="com.ebfs.qa.testcases.google" name="characterSearch" time="8.569"/>
  <testcase classname="com.ebfs.qa.testcases.google" name="userButtonOnlySearch" time="8.789"/>
  <testcase classname="com.ebfs.qa.testcases.google" name="characterSearch" time="10.580"/>
  <testcase classname="com.ebfs.qa.testcases.google" name="Search" time="8.647"/>
  <testcase classname="com.ebfs.qa.testcases.google" name="userIntSearch" time="8.744"/>
  <testcase classname="com.ebfs.qa.testcases.google" name="Search" time="8.923"/>
  <testcase classname="com.ebfs.qa.testcases.google" name="characterSearch" time="8.755"/>
  <testcase classname="com.ebfs.qa.testcases.google" name="characterSearch" time="10.568"/>
  <testcase classname="com.ebfs.qa.testcases.google" name="SearchProduct" time="9.489"/>
  <testcase classname="com.ebfs.qa.testcases.google" name="blankSearch" time="8.697"/>
</testsuite> <!-- com.ebfs.qa.testcases.google -->
