<?xml version="1.0" encoding="UTF-8"?>
<!-- Generated by org.testng.reporters.JUnitReportReporter -->
<testsuite hostname="LAPTOP-P3JMIFJQ" failures="0" tests="1" name="com.ebfs.qa.testcases.google" time="10.722" errors="0" timestamp="14 Jan 2021 04:37:03 GMT" skipped="0">
  <testcase classname="com.ebfs.qa.testcases.google" name="searchboxSearchTest" time="10.722"/>
</testsuite> <!-- com.ebfs.qa.testcases.google -->
